<?xml version="1.0" encoding="UTF-8"?>
<testng-results skipped="0" failed="0" total="1" passed="1">
  <reporter-output>
  </reporter-output>
  <suite name="Default suite" duration-ms="31" started-at="2016-08-29T05:08:21Z" finished-at="2016-08-29T05:08:21Z">
    <groups>
    </groups>
    <test name="Default test" duration-ms="31" started-at="2016-08-29T05:08:21Z" finished-at="2016-08-29T05:08:21Z">
      <class name="test.SeleniumDataBaseTesting">
        <test-method status="PASS" signature="setUP()[pri:0, instance:test.SeleniumDataBaseTesting@1888ff2c]" name="setUP" is-config="true" duration-ms="15" started-at="2016-08-29T10:38:21Z" finished-at="2016-08-29T10:38:21Z">
          <reporter-output>
          </reporter-output>
        </test-method> <!-- setUP -->
        <test-method status="PASS" signature="f()[pri:0, instance:test.SeleniumDataBaseTesting@1888ff2c]" name="f" duration-ms="16" started-at="2016-08-29T10:38:21Z" finished-at="2016-08-29T10:38:21Z">
          <reporter-output>
          </reporter-output>
        </test-method> <!-- f -->
        <test-method status="PASS" signature="afterClass()[pri:0, instance:test.SeleniumDataBaseTesting@1888ff2c]" name="afterClass" is-config="true" duration-ms="0" started-at="2016-08-29T10:38:21Z" finished-at="2016-08-29T10:38:21Z">
          <reporter-output>
          </reporter-output>
        </test-method> <!-- afterClass -->
      </class> <!-- test.SeleniumDataBaseTesting -->
    </test> <!-- Default test -->
  </suite> <!-- Default suite -->
</testng-results>
