<?xml version="1.0" encoding="UTF-8"?>
<!-- Generated by org.testng.reporters.JUnitXMLReporter -->
<testsuite hostname="VICKY" name="Test" tests="1" failures="1" timestamp="25 Oct 2015 12:12:12 GMT" time="0.079" errors="0">
  <testcase name="createCustomerTest" time="0.031" classname="com.actitime.projAndCustomer.projectAndCustomerLib">
    <failure type="java.lang.NoClassDefFoundError" message="org/apache/xmlbeans/XmlOptions">
      <![CDATA[java.lang.NoClassDefFoundError: org/apache/xmlbeans/XmlOptions
	at org.apache.poi.POIXMLDocumentPart.<clinit>(POIXMLDocumentPart.java:59)
	at org.apache.poi.ss.usermodel.WorkbookFactory.create(WorkbookFactory.java:174)
	at org.apache.poi.ss.usermodel.WorkbookFactory.create(WorkbookFactory.java:143)
	at com.actitime.GenericLib.ExcelLib.getExcelData(ExcelLib.java:20)
	at com.actitime.projAndCustomer.projectAndCustomerLib.createCustomerTest(projectAndCustomerLib.java:20)
Caused by: java.lang.ClassNotFoundException: org.apache.xmlbeans.XmlOptions
	at java.net.URLClassLoader.findClass(URLClassLoader.java:381)
	at java.lang.ClassLoader.loadClass(ClassLoader.java:424)
	at sun.misc.Launcher$AppClassLoader.loadClass(Launcher.java:331)
	at java.lang.ClassLoader.loadClass(ClassLoader.java:357)
	... 29 more
... Removed 24 stack frames]]>
    </failure>
  </testcase> <!-- createCustomerTest -->
</testsuite> <!-- Test -->
