<?xml version="1.0" encoding="UTF-8"?>
<testng-results skipped="0" failed="1" total="1" passed="0">
  <reporter-output>
  </reporter-output>
  <suite name="Default suite" duration-ms="78" started-at="2015-10-25T12:26:44Z" finished-at="2015-10-25T12:26:44Z">
    <groups>
    </groups>
    <test name="Default test" duration-ms="78" started-at="2015-10-25T12:26:44Z" finished-at="2015-10-25T12:26:44Z">
      <class name="com.actitime.projAndCustomer.projectAndCustomerLib">
        <test-method status="FAIL" signature="createCustomerTest()[pri:0, instance:com.actitime.projAndCustomer.projectAndCustomerLib@c818063]" name="createCustomerTest" duration-ms="47" started-at="2015-10-25T17:56:44Z" finished-at="2015-10-25T17:56:44Z">
          <exception class="java.lang.NoClassDefFoundError">
            <message>
              <![CDATA[org/apache/xmlbeans/XmlOptions]]>
            </message>
            <full-stacktrace>
              <![CDATA[java.lang.NoClassDefFoundError: org/apache/xmlbeans/XmlOptions
	at org.apache.poi.POIXMLDocumentPart.<clinit>(POIXMLDocumentPart.java:59)
	at org.apache.poi.ss.usermodel.WorkbookFactory.create(WorkbookFactory.java:174)
	at org.apache.poi.ss.usermodel.WorkbookFactory.create(WorkbookFactory.java:143)
	at com.actitime.GenericLib.ExcelLib.getExcelData(ExcelLib.java:16)
	at com.actitime.projAndCustomer.projectAndCustomerLib.createCustomerTest(projectAndCustomerLib.java:20)
	at sun.reflect.NativeMethodAccessorImpl.invoke0(Native Method)
	at sun.reflect.NativeMethodAccessorImpl.invoke(NativeMethodAccessorImpl.java:62)
	at sun.reflect.DelegatingMethodAccessorImpl.invoke(DelegatingMethodAccessorImpl.java:43)
	at java.lang.reflect.Method.invoke(Method.java:497)
	at org.testng.internal.MethodInvocationHelper.invokeMethod(MethodInvocationHelper.java:85)
	at org.testng.internal.Invoker.invokeMethod(Invoker.java:639)
	at org.testng.internal.Invoker.invokeTestMethod(Invoker.java:816)
	at org.testng.internal.Invoker.invokeTestMethods(Invoker.java:1124)
	at org.testng.internal.TestMethodWorker.invokeTestMethods(TestMethodWorker.java:124)
	at org.testng.internal.TestMethodWorker.run(TestMethodWorker.java:108)
	at org.testng.TestRunner.privateRun(TestRunner.java:773)
	at org.testng.TestRunner.run(TestRunner.java:623)
	at org.testng.SuiteRunner.runTest(SuiteRunner.java:359)
	at org.testng.SuiteRunner.runSequentially(SuiteRunner.java:354)
	at org.testng.SuiteRunner.privateRun(SuiteRunner.java:312)
	at org.testng.SuiteRunner.run(SuiteRunner.java:261)
	at org.testng.SuiteRunnerWorker.runSuite(SuiteRunnerWorker.java:52)
	at org.testng.SuiteRunnerWorker.run(SuiteRunnerWorker.java:86)
	at org.testng.TestNG.runSuitesSequentially(TestNG.java:1185)
	at org.testng.TestNG.runSuitesLocally(TestNG.java:1110)
	at org.testng.TestNG.run(TestNG.java:1018)
	at org.testng.remote.RemoteTestNG.run(RemoteTestNG.java:112)
	at org.testng.remote.RemoteTestNG.initAndRun(RemoteTestNG.java:205)
	at org.testng.remote.RemoteTestNG.main(RemoteTestNG.java:176)
Caused by: java.lang.ClassNotFoundException: org.apache.xmlbeans.XmlOptions
	at java.net.URLClassLoader.findClass(URLClassLoader.java:381)
	at java.lang.ClassLoader.loadClass(ClassLoader.java:424)
	at sun.misc.Launcher$AppClassLoader.loadClass(Launcher.java:331)
	at java.lang.ClassLoader.loadClass(ClassLoader.java:357)
	... 29 more
]]>
            </full-stacktrace>
          </exception> <!-- java.lang.NoClassDefFoundError -->
          <reporter-output>
          </reporter-output>
        </test-method> <!-- createCustomerTest -->
      </class> <!-- com.actitime.projAndCustomer.projectAndCustomerLib -->
    </test> <!-- Default test -->
  </suite> <!-- Default suite -->
</testng-results>
